<?xml version="1.0" encoding="UTF-8"?>
<!-- Generated by org.testng.reporters.JUnitXMLReporter -->
<testsuite ignored="0" hostname="SITPC0407" failures="1" tests="1" name="Abhishek" time="17.58" errors="0" timestamp="2025-05-05T15:58:27 IST">
  <testcase classname="TestCase.LoginTestCase" name="LoginData" time="15.292">
    <failure type="java.lang.AssertionError" message="expected [true] but found [false]">
      <![CDATA[java.lang.AssertionError: expected [true] but found [false]
at TestCase.LoginTestCase.LoginData(LoginTestCase.java:20)
at java.base/java.util.ArrayList.forEach(ArrayList.java:1596)
... Removed 29 stack frames]]>
    </failure>
  </testcase> <!-- LoginData -->
</testsuite> <!-- Abhishek -->
